# JRE version: Java(TM) SE Runtime Environment (8.0_181-b13) (build 1.8.0_181-b13)
# Java VM: Java HotSpot(TM) 64-Bit Server VM (25.181-b13 mixed mode windows-amd64 compressed oops)
Heap:
 PSYoungGen      total 503296K, used 298674K [0x000000076b400000, 0x000000078ed00000, 0x00000007c0000000)
  eden space 474112K, 62% used [0x000000076b400000,0x000000077d7ac8c0,0x0000000788300000)
  from space 29184K, 0% used [0x000000078d080000,0x000000078d080000,0x000000078ed00000)
  to   space 54272K, 0% used [0x0000000788300000,0x0000000788300000,0x000000078b800000)
 ParOldGen       total 317440K, used 317144K [0x00000006c1c00000, 0x00000006d5200000, 0x000000076b400000)
  object space 317440K, 99% used [0x00000006c1c00000,0x00000006d51b6138,0x00000006d5200000)
 Metaspace       used 4924K, capacity 5014K, committed 5248K, reserved 1056768K
  class space    used 508K, capacity 562K, committed 640K, reserved 1048576K
GC Heap History (10 events):
Event: 4.801 GC heap before
{Heap before GC invocations=9 (full 1):
 PSYoungGen      total 400896K, used 352763K [0x000000076b400000, 0x0000000790780000, 0x00000007c0000000)
  eden space 342016K, 100% used [0x000000076b400000,0x0000000780200000,0x0000000780200000)
  from space 58880K, 18% used [0x0000000780200000,0x0000000780c7ee68,0x0000000783b80000)
  to   space 56320K, 0% used [0x000000078d080000,0x000000078d080000,0x0000000790780000)
 ParOldGen       total 275456K, used 146410K [0x00000006c1c00000, 0x00000006d2900000, 0x000000076b400000)
  object space 275456K, 53% used [0x00000006c1c00000,0x00000006caafa8f8,0x00000006d2900000)
 Metaspace       used 4191K, capacity 4736K, committed 4864K, reserved 1056768K
  class space    used 462K, capacity 496K, committed 512K, reserved 1048576K
Event: 4.805 GC heap after
Heap after GC invocations=9 (full 1):
 PSYoungGen      total 503296K, used 10651K [0x000000076b400000, 0x000000078ed00000, 0x00000007c0000000)
  eden space 474112K, 0% used [0x000000076b400000,0x000000076b400000,0x0000000788300000)
  from space 29184K, 36% used [0x000000078d080000,0x000000078dae6e68,0x000000078ed00000)
  to   space 54272K, 0% used [0x0000000788300000,0x0000000788300000,0x000000078b800000)
 ParOldGen       total 275456K, used 146410K [0x00000006c1c00000, 0x00000006d2900000, 0x000000076b400000)
  object space 275456K, 53% used [0x00000006c1c00000,0x00000006caafa8f8,0x00000006d2900000)
 Metaspace       used 4191K, capacity 4736K, committed 4864K, reserved 1056768K
  class space    used 462K, capacity 496K, committed 512K, reserved 1048576K
}
Event: 6.156 GC heap before
{Heap before GC invocations=10 (full 1):
 PSYoungGen      total 503296K, used 484763K [0x000000076b400000, 0x000000078ed00000, 0x00000007c0000000)
  eden space 474112K, 100% used [0x000000076b400000,0x0000000788300000,0x0000000788300000)
  from space 29184K, 36% used [0x000000078d080000,0x000000078dae6e68,0x000000078ed00000)
  to   space 54272K, 0% used [0x0000000788300000,0x0000000788300000,0x000000078b800000)
 ParOldGen       total 275456K, used 146410K [0x00000006c1c00000, 0x00000006d2900000, 0x000000076b400000)
  object space 275456K, 53% used [0x00000006c1c00000,0x00000006caafa8f8,0x00000006d2900000)
 Metaspace       used 4191K, capacity 4736K, committed 4864K, reserved 1056768K
  class space    used 462K, capacity 496K, committed 512K, reserved 1048576K
Event: 6.161 GC heap after
Heap after GC invocations=10 (full 1):
 PSYoungGen      total 528384K, used 10715K [0x000000076b400000, 0x000000078ed00000, 0x00000007c0000000)
  eden space 474112K, 0% used [0x000000076b400000,0x000000076b400000,0x0000000788300000)
  from space 54272K, 19% used [0x0000000788300000,0x0000000788d76e68,0x000000078b800000)
  to   space 29184K, 0% used [0x000000078d080000,0x000000078d080000,0x000000078ed00000)
 ParOldGen       total 275456K, used 146410K [0x00000006c1c00000, 0x00000006d2900000, 0x000000076b400000)
  object space 275456K, 53% used [0x00000006c1c00000,0x00000006caafa8f8,0x00000006d2900000)
 Metaspace       used 4191K, capacity 4736K, committed 4864K, reserved 1056768K
  class space    used 462K, capacity 496K, committed 512K, reserved 1048576K
}
Event: 7.400 GC heap before
{Heap before GC invocations=11 (full 1):
 PSYoungGen      total 528384K, used 484827K [0x000000076b400000, 0x000000078ed00000, 0x00000007c0000000)
  eden space 474112K, 100% used [0x000000076b400000,0x0000000788300000,0x0000000788300000)
  from space 54272K, 19% used [0x0000000788300000,0x0000000788d76e68,0x000000078b800000)
  to   space 29184K, 0% used [0x000000078d080000,0x000000078d080000,0x000000078ed00000)
 ParOldGen       total 275456K, used 146410K [0x00000006c1c00000, 0x00000006d2900000, 0x000000076b400000)
  object space 275456K, 53% used [0x00000006c1c00000,0x00000006caafa8f8,0x00000006d2900000)
 Metaspace       used 4191K, capacity 4736K, committed 4864K, reserved 1056768K
  class space    used 462K, capacity 496K, committed 512K, reserved 1048576K
Event: 7.403 GC heap after
Heap after GC invocations=11 (full 1):
 PSYoungGen      total 503296K, used 10787K [0x000000076b400000, 0x000000078ed00000, 0x00000007c0000000)
  eden space 474112K, 0% used [0x000000076b400000,0x000000076b400000,0x0000000788300000)
  from space 29184K, 36% used [0x000000078d080000,0x000000078db08cc0,0x000000078ed00000)
  to   space 54272K, 0% used [0x0000000788300000,0x0000000788300000,0x000000078b800000)
 ParOldGen       total 275456K, used 146410K [0x00000006c1c00000, 0x00000006d2900000, 0x000000076b400000)
  object space 275456K, 53% used [0x00000006c1c00000,0x00000006caafa8f8,0x00000006d2900000)
 Metaspace       used 4191K, capacity 4736K, committed 4864K, reserved 1056768K
  class space    used 462K, capacity 496K, committed 512K, reserved 1048576K
}
Event: 8.289 GC heap before
{Heap before GC invocations=12 (full 1):
 PSYoungGen      total 503296K, used 484899K [0x000000076b400000, 0x000000078ed00000, 0x00000007c0000000)
  eden space 474112K, 100% used [0x000000076b400000,0x0000000788300000,0x0000000788300000)
  from space 29184K, 36% used [0x000000078d080000,0x000000078db08cc0,0x000000078ed00000)
  to   space 54272K, 0% used [0x0000000788300000,0x0000000788300000,0x000000078b800000)
 ParOldGen       total 275456K, used 146410K [0x00000006c1c00000, 0x00000006d2900000, 0x000000076b400000)
  object space 275456K, 53% used [0x00000006c1c00000,0x00000006caafa8f8,0x00000006d2900000)
 Metaspace       used 4770K, capacity 4846K, committed 4992K, reserved 1056768K
  class space    used 503K, capacity 530K, committed 640K, reserved 1048576K
Event: 8.742 GC heap after
Heap after GC invocations=12 (full 1):
 PSYoungGen      total 503296K, used 484899K [0x000000076b400000, 0x000000078ed00000, 0x00000007c0000000)
  eden space 474112K, 100% used [0x000000076b400000,0x0000000788300000,0x0000000788300000)
  from space 29184K, 36% used [0x000000078d080000,0x000000078db08cc0,0x000000078ed00000)
  to   space 54272K, 99% used [0x0000000788300000,0x000000078b7ff958,0x000000078b800000)
 ParOldGen       total 317440K, used 316930K [0x00000006c1c00000, 0x00000006d5200000, 0x000000076b400000)
  object space 317440K, 99% used [0x00000006c1c00000,0x00000006d51808f8,0x00000006d5200000)
 Metaspace       used 4770K, capacity 4846K, committed 4992K, reserved 1056768K
  class space    used 503K, capacity 530K, committed 640K, reserved 1048576K
}
Event: 8.742 GC heap before
{Heap before GC invocations=13 (full 2):
 PSYoungGen      total 503296K, used 484899K [0x000000076b400000, 0x000000078ed00000, 0x00000007c0000000)
  eden space 474112K, 100% used [0x000000076b400000,0x0000000788300000,0x0000000788300000)
  from space 29184K, 36% used [0x000000078d080000,0x000000078db08cc0,0x000000078ed00000)
  to   space 54272K, 99% used [0x0000000788300000,0x000000078b7ff958,0x000000078b800000)
 ParOldGen       total 317440K, used 316930K [0x00000006c1c00000, 0x00000006d5200000, 0x000000076b400000)
  object space 317440K, 99% used [0x00000006c1c00000,0x00000006d51808f8,0x00000006d5200000)
 Metaspace       used 4770K, capacity 4846K, committed 4992K, reserved 1056768K
  class space    used 503K, capacity 530K, committed 640K, reserved 1048576K
Event: 11.263 GC heap after
Heap after GC invocations=13 (full 2):
 PSYoungGen      total 503296K, used 193320K [0x000000076b400000, 0x000000078ed00000, 0x00000007c0000000)
  eden space 474112K, 40% used [0x000000076b400000,0x00000007770ca1a8,0x0000000788300000)
  from space 29184K, 0% used [0x000000078d080000,0x000000078d080000,0x000000078ed00000)
  to   space 54272K, 0% used [0x0000000788300000,0x0000000788300000,0x000000078b800000)
 ParOldGen       total 317440K, used 317144K [0x00000006c1c00000, 0x00000006d5200000, 0x000000076b400000)
  object space 317440K, 99% used [0x00000006c1c00000,0x00000006d51b6138,0x00000006d5200000)
 Metaspace       used 4770K, capacity 4846K, committed 4992K, reserved 1056768K
  class space    used 503K, capacity 530K, committed 640K, reserved 1048576K
}

